# JRE version: Java(TM) SE Runtime Environment (8.0_51-b16) (build 1.8.0_51-b16)
# Java VM: Java HotSpot(TM) 64-Bit Server VM (25.51-b03 mixed mode windows-amd64 compressed oops)
Heap:
 PSYoungGen      total 438784K, used 57838K [0x00000000d8000000, 0x00000000f5280000, 0x0000000100000000)
  eden space 416256K, 8% used [0x00000000d8000000,0x00000000da2a4708,0x00000000f1680000)
  from space 22528K, 99% used [0x00000000f3c80000,0x00000000f5257370,0x00000000f5280000)
  to   space 29696K, 0% used [0x00000000f1880000,0x00000000f1880000,0x00000000f3580000)
 ParOldGen       total 87552K, used 25799K [0x0000000088000000, 0x000000008d580000, 0x00000000d8000000)
  object space 87552K, 29% used [0x0000000088000000,0x0000000089931d90,0x000000008d580000)
 Metaspace       used 46183K, capacity 46662K, committed 47232K, reserved 1091584K
  class space    used 5794K, capacity 5959K, committed 6016K, reserved 1048576K
GC Heap History (10 events):
Event: 13.706 GC heap before
{Heap before GC invocations=14 (full 1):
 PSYoungGen      total 247808K, used 235570K [0x00000000d8000000, 0x00000000e8b80000, 0x0000000100000000)
  eden space 224768K, 100% used [0x00000000d8000000,0x00000000e5b80000,0x00000000e5b80000)
  from space 23040K, 46% used [0x00000000e7100000,0x00000000e7b8cbc8,0x00000000e8780000)
  to   space 22016K, 0% used [0x00000000e5b80000,0x00000000e5b80000,0x00000000e7100000)
 ParOldGen       total 60928K, used 26818K [0x0000000088000000, 0x000000008bb80000, 0x00000000d8000000)
  object space 60928K, 44% used [0x0000000088000000,0x0000000089a30b98,0x000000008bb80000)
 Metaspace       used 34672K, capacity 35090K, committed 35328K, reserved 1081344K
  class space    used 4259K, capacity 4336K, committed 4352K, reserved 1048576K
Event: 13.739 GC heap after
Heap after GC invocations=14 (full 1):
 PSYoungGen      total 246784K, used 19272K [0x00000000d8000000, 0x00000000ed780000, 0x0000000100000000)
  eden space 224768K, 0% used [0x00000000d8000000,0x00000000d8000000,0x00000000e5b80000)
  from space 22016K, 87% used [0x00000000e5b80000,0x00000000e6e52388,0x00000000e7100000)
  to   space 24064K, 0% used [0x00000000ec000000,0x00000000ec000000,0x00000000ed780000)
 ParOldGen       total 60928K, used 30204K [0x0000000088000000, 0x000000008bb80000, 0x00000000d8000000)
  object space 60928K, 49% used [0x0000000088000000,0x0000000089d7f368,0x000000008bb80000)
 Metaspace       used 34672K, capacity 35090K, committed 35328K, reserved 1081344K
  class space    used 4259K, capacity 4336K, committed 4352K, reserved 1048576K
}
Event: 13.892 GC heap before
{Heap before GC invocations=15 (full 1):
 PSYoungGen      total 246784K, used 39716K [0x00000000d8000000, 0x00000000ed780000, 0x0000000100000000)
  eden space 224768K, 9% used [0x00000000d8000000,0x00000000d93f7068,0x00000000e5b80000)
  from space 22016K, 87% used [0x00000000e5b80000,0x00000000e6e52388,0x00000000e7100000)
  to   space 24064K, 0% used [0x00000000ec000000,0x00000000ec000000,0x00000000ed780000)
 ParOldGen       total 60928K, used 30204K [0x0000000088000000, 0x000000008bb80000, 0x00000000d8000000)
  object space 60928K, 49% used [0x0000000088000000,0x0000000089d7f368,0x000000008bb80000)
 Metaspace       used 34737K, capacity 35122K, committed 35456K, reserved 1081344K
  class space    used 4263K, capacity 4368K, committed 4480K, reserved 1048576K
Event: 13.906 GC heap after
Heap after GC invocations=15 (full 1):
 PSYoungGen      total 327680K, used 3408K [0x00000000d8000000, 0x00000000ee880000, 0x0000000100000000)
  eden space 303616K, 0% used [0x00000000d8000000,0x00000000d8000000,0x00000000ea880000)
  from space 24064K, 14% used [0x00000000ec000000,0x00000000ec354010,0x00000000ed780000)
  to   space 24064K, 0% used [0x00000000ea880000,0x00000000ea880000,0x00000000ec000000)
 ParOldGen       total 60928K, used 32816K [0x0000000088000000, 0x000000008bb80000, 0x00000000d8000000)
  object space 60928K, 53% used [0x0000000088000000,0x000000008a00c378,0x000000008bb80000)
 Metaspace       used 34737K, capacity 35122K, committed 35456K, reserved 1081344K
  class space    used 4263K, capacity 4368K, committed 4480K, reserved 1048576K
}
Event: 13.906 GC heap before
{Heap before GC invocations=16 (full 2):
 PSYoungGen      total 327680K, used 3408K [0x00000000d8000000, 0x00000000ee880000, 0x0000000100000000)
  eden space 303616K, 0% used [0x00000000d8000000,0x00000000d8000000,0x00000000ea880000)
  from space 24064K, 14% used [0x00000000ec000000,0x00000000ec354010,0x00000000ed780000)
  to   space 24064K, 0% used [0x00000000ea880000,0x00000000ea880000,0x00000000ec000000)
 ParOldGen       total 60928K, used 32816K [0x0000000088000000, 0x000000008bb80000, 0x00000000d8000000)
  object space 60928K, 53% used [0x0000000088000000,0x000000008a00c378,0x000000008bb80000)
 Metaspace       used 34737K, capacity 35122K, committed 35456K, reserved 1081344K
  class space    used 4263K, capacity 4368K, committed 4480K, reserved 1048576K
Event: 14.065 GC heap after
Heap after GC invocations=16 (full 2):
 PSYoungGen      total 327680K, used 0K [0x00000000d8000000, 0x00000000ee880000, 0x0000000100000000)
  eden space 303616K, 0% used [0x00000000d8000000,0x00000000d8000000,0x00000000ea880000)
  from space 24064K, 0% used [0x00000000ec000000,0x00000000ec000000,0x00000000ed780000)
  to   space 24064K, 0% used [0x00000000ea880000,0x00000000ea880000,0x00000000ec000000)
 ParOldGen       total 87552K, used 23167K [0x0000000088000000, 0x000000008d580000, 0x00000000d8000000)
  object space 87552K, 26% used [0x0000000088000000,0x000000008969fd80,0x000000008d580000)
 Metaspace       used 34737K, capacity 35122K, committed 35456K, reserved 1081344K
  class space    used 4263K, capacity 4368K, committed 4480K, reserved 1048576K
}
Event: 15.929 GC heap before
{Heap before GC invocations=17 (full 2):
 PSYoungGen      total 327680K, used 303616K [0x00000000d8000000, 0x00000000ee880000, 0x0000000100000000)
  eden space 303616K, 100% used [0x00000000d8000000,0x00000000ea880000,0x00000000ea880000)
  from space 24064K, 0% used [0x00000000ec000000,0x00000000ec000000,0x00000000ed780000)
  to   space 24064K, 0% used [0x00000000ea880000,0x00000000ea880000,0x00000000ec000000)
 ParOldGen       total 87552K, used 23167K [0x0000000088000000, 0x000000008d580000, 0x00000000d8000000)
  object space 87552K, 26% used [0x0000000088000000,0x000000008969fd80,0x000000008d580000)
 Metaspace       used 36296K, capacity 36696K, committed 37120K, reserved 1081344K
  class space    used 4479K, capacity 4593K, committed 4608K, reserved 1048576K
Event: 15.961 GC heap after
Heap after GC invocations=17 (full 2):
 PSYoungGen      total 327680K, used 22897K [0x00000000d8000000, 0x00000000f5700000, 0x0000000100000000)
  eden space 303616K, 0% used [0x00000000d8000000,0x00000000d8000000,0x00000000ea880000)
  from space 24064K, 95% used [0x00000000ea880000,0x00000000ebedc658,0x00000000ec000000)
  to   space 27136K, 0% used [0x00000000f3c80000,0x00000000f3c80000,0x00000000f5700000)
 ParOldGen       total 87552K, used 23175K [0x0000000088000000, 0x000000008d580000, 0x00000000d8000000)
  object space 87552K, 26% used [0x0000000088000000,0x00000000896a1d80,0x000000008d580000)
 Metaspace       used 36296K, capacity 36696K, committed 37120K, reserved 1081344K
  class space    used 4479K, capacity 4593K, committed 4608K, reserved 1048576K
}
Event: 90.332 GC heap before
{Heap before GC invocations=18 (full 2):
 PSYoungGen      total 327680K, used 326513K [0x00000000d8000000, 0x00000000f5700000, 0x0000000100000000)
  eden space 303616K, 100% used [0x00000000d8000000,0x00000000ea880000,0x00000000ea880000)
  from space 24064K, 95% used [0x00000000ea880000,0x00000000ebedc658,0x00000000ec000000)
  to   space 27136K, 0% used [0x00000000f3c80000,0x00000000f3c80000,0x00000000f5700000)
 ParOldGen       total 87552K, used 23175K [0x0000000088000000, 0x000000008d580000, 0x00000000d8000000)
  object space 87552K, 26% used [0x0000000088000000,0x00000000896a1d80,0x000000008d580000)
 Metaspace       used 45802K, capacity 46246K, committed 46720K, reserved 1089536K
  class space    used 5755K, capacity 5927K, committed 6016K, reserved 1048576K
Event: 90.381 GC heap after
Heap after GC invocations=18 (full 2):
 PSYoungGen      total 438784K, used 22364K [0x00000000d8000000, 0x00000000f5280000, 0x0000000100000000)
  eden space 416256K, 0% used [0x00000000d8000000,0x00000000d8000000,0x00000000f1680000)
  from space 22528K, 99% used [0x00000000f3c80000,0x00000000f5257370,0x00000000f5280000)
  to   space 29696K, 0% used [0x00000000f1880000,0x00000000f1880000,0x00000000f3580000)
 ParOldGen       total 87552K, used 25799K [0x0000000088000000, 0x000000008d580000, 0x00000000d8000000)
  object space 87552K, 29% used [0x0000000088000000,0x0000000089931d90,0x000000008d580000)
 Metaspace       used 45802K, capacity 46246K, committed 46720K, reserved 1089536K
  class space    used 5755K, capacity 5927K, committed 6016K, reserved 1048576K
}

