# JRE version: Java(TM) SE Runtime Environment (8.0_51-b16) (build 1.8.0_51-b16)
# Java VM: Java HotSpot(TM) 64-Bit Server VM (25.51-b03 mixed mode windows-amd64 compressed oops)
Heap:
 PSYoungGen      total 204288K, used 189719K [0x00000000d8000000, 0x00000000e5d80000, 0x0000000100000000)
  eden space 189952K, 92% used [0x00000000d8000000,0x00000000e2b46268,0x00000000e3980000)
  from space 14336K, 99% used [0x00000000e3980000,0x00000000e477fc10,0x00000000e4780000)
  to   space 14336K, 0% used [0x00000000e4780000,0x00000000e4780000,0x00000000e5580000)
 ParOldGen       total 82944K, used 27761K [0x0000000088000000, 0x000000008d100000, 0x00000000d8000000)
  object space 82944K, 33% used [0x0000000088000000,0x0000000089b1c7c8,0x000000008d100000)
 Metaspace       used 47930K, capacity 48692K, committed 48896K, reserved 1091584K
  class space    used 6132K, capacity 6306K, committed 6400K, reserved 1048576K
GC Heap History (10 events):
Event: 41.663 GC heap before
{Heap before GC invocations=11 (full 2):
 PSYoungGen      total 158720K, used 11681K [0x00000000d8000000, 0x00000000e5580000, 0x0000000100000000)
  eden space 145408K, 0% used [0x00000000d8000000,0x00000000d8000000,0x00000000e0e00000)
  from space 13312K, 87% used [0x00000000e0e00000,0x00000000e19686a8,0x00000000e1b00000)
  to   space 14336K, 0% used [0x00000000e4780000,0x00000000e4780000,0x00000000e5580000)
 ParOldGen       total 58880K, used 10571K [0x0000000088000000, 0x000000008b980000, 0x00000000d8000000)
  object space 58880K, 17% used [0x0000000088000000,0x0000000088a52dd8,0x000000008b980000)
 Metaspace       used 34706K, capacity 35210K, committed 35496K, reserved 1081344K
  class space    used 4453K, capacity 4577K, committed 4608K, reserved 1048576K
Event: 41.792 GC heap after
Heap after GC invocations=11 (full 2):
 PSYoungGen      total 158720K, used 0K [0x00000000d8000000, 0x00000000e5580000, 0x0000000100000000)
  eden space 145408K, 0% used [0x00000000d8000000,0x00000000d8000000,0x00000000e0e00000)
  from space 13312K, 0% used [0x00000000e0e00000,0x00000000e0e00000,0x00000000e1b00000)
  to   space 14336K, 0% used [0x00000000e4780000,0x00000000e4780000,0x00000000e5580000)
 ParOldGen       total 82944K, used 19576K [0x0000000088000000, 0x000000008d100000, 0x00000000d8000000)
  object space 82944K, 23% used [0x0000000088000000,0x000000008931e018,0x000000008d100000)
 Metaspace       used 34706K, capacity 35210K, committed 35496K, reserved 1081344K
  class space    used 4453K, capacity 4577K, committed 4608K, reserved 1048576K
}
Event: 43.372 GC heap before
{Heap before GC invocations=12 (full 2):
 PSYoungGen      total 158720K, used 145408K [0x00000000d8000000, 0x00000000e5580000, 0x0000000100000000)
  eden space 145408K, 100% used [0x00000000d8000000,0x00000000e0e00000,0x00000000e0e00000)
  from space 13312K, 0% used [0x00000000e0e00000,0x00000000e0e00000,0x00000000e1b00000)
  to   space 14336K, 0% used [0x00000000e4780000,0x00000000e4780000,0x00000000e5580000)
 ParOldGen       total 82944K, used 19576K [0x0000000088000000, 0x000000008d100000, 0x00000000d8000000)
  object space 82944K, 23% used [0x0000000088000000,0x000000008931e018,0x000000008d100000)
 Metaspace       used 39596K, capacity 40148K, committed 40576K, reserved 1085440K
  class space    used 5051K, capacity 5192K, committed 5248K, reserved 1048576K
Event: 43.387 GC heap after
Heap after GC invocations=12 (full 2):
 PSYoungGen      total 204288K, used 8834K [0x00000000d8000000, 0x00000000e5d80000, 0x0000000100000000)
  eden space 189952K, 0% used [0x00000000d8000000,0x00000000d8000000,0x00000000e3980000)
  from space 14336K, 61% used [0x00000000e4780000,0x00000000e5020988,0x00000000e5580000)
  to   space 14336K, 0% used [0x00000000e3980000,0x00000000e3980000,0x00000000e4780000)
 ParOldGen       total 82944K, used 19584K [0x0000000088000000, 0x000000008d100000, 0x00000000d8000000)
  object space 82944K, 23% used [0x0000000088000000,0x0000000089320018,0x000000008d100000)
 Metaspace       used 39596K, capacity 40148K, committed 40576K, reserved 1085440K
  class space    used 5051K, capacity 5192K, committed 5248K, reserved 1048576K
}
Event: 44.959 GC heap before
{Heap before GC invocations=13 (full 2):
 PSYoungGen      total 204288K, used 198786K [0x00000000d8000000, 0x00000000e5d80000, 0x0000000100000000)
  eden space 189952K, 100% used [0x00000000d8000000,0x00000000e3980000,0x00000000e3980000)
  from space 14336K, 61% used [0x00000000e4780000,0x00000000e5020988,0x00000000e5580000)
  to   space 14336K, 0% used [0x00000000e3980000,0x00000000e3980000,0x00000000e4780000)
 ParOldGen       total 82944K, used 19584K [0x0000000088000000, 0x000000008d100000, 0x00000000d8000000)
  object space 82944K, 23% used [0x0000000088000000,0x0000000089320018,0x000000008d100000)
 Metaspace       used 41783K, capacity 42288K, committed 42624K, reserved 1087488K
  class space    used 5343K, capacity 5490K, committed 5504K, reserved 1048576K
Event: 44.977 GC heap after
Heap after GC invocations=13 (full 2):
 PSYoungGen      total 204288K, used 11308K [0x00000000d8000000, 0x00000000e5d80000, 0x0000000100000000)
  eden space 189952K, 0% used [0x00000000d8000000,0x00000000d8000000,0x00000000e3980000)
  from space 14336K, 78% used [0x00000000e3980000,0x00000000e448b270,0x00000000e4780000)
  to   space 14336K, 0% used [0x00000000e4780000,0x00000000e4780000,0x00000000e5580000)
 ParOldGen       total 82944K, used 19592K [0x0000000088000000, 0x000000008d100000, 0x00000000d8000000)
  object space 82944K, 23% used [0x0000000088000000,0x0000000089322018,0x000000008d100000)
 Metaspace       used 41783K, capacity 42288K, committed 42624K, reserved 1087488K
  class space    used 5343K, capacity 5490K, committed 5504K, reserved 1048576K
}
Event: 46.653 GC heap before
{Heap before GC invocations=14 (full 2):
 PSYoungGen      total 204288K, used 201260K [0x00000000d8000000, 0x00000000e5d80000, 0x0000000100000000)
  eden space 189952K, 100% used [0x00000000d8000000,0x00000000e3980000,0x00000000e3980000)
  from space 14336K, 78% used [0x00000000e3980000,0x00000000e448b270,0x00000000e4780000)
  to   space 14336K, 0% used [0x00000000e4780000,0x00000000e4780000,0x00000000e5580000)
 ParOldGen       total 82944K, used 19592K [0x0000000088000000, 0x000000008d100000, 0x00000000d8000000)
  object space 82944K, 23% used [0x0000000088000000,0x0000000089322018,0x000000008d100000)
 Metaspace       used 43776K, capacity 44268K, committed 44672K, reserved 1087488K
  class space    used 5599K, capacity 5718K, committed 5760K, reserved 1048576K
Event: 46.683 GC heap after
Heap after GC invocations=14 (full 2):
 PSYoungGen      total 204288K, used 14311K [0x00000000d8000000, 0x00000000e5d80000, 0x0000000100000000)
  eden space 189952K, 0% used [0x00000000d8000000,0x00000000d8000000,0x00000000e3980000)
  from space 14336K, 99% used [0x00000000e4780000,0x00000000e5579c20,0x00000000e5580000)
  to   space 14336K, 0% used [0x00000000e3980000,0x00000000e3980000,0x00000000e4780000)
 ParOldGen       total 82944K, used 21715K [0x0000000088000000, 0x000000008d100000, 0x00000000d8000000)
  object space 82944K, 26% used [0x0000000088000000,0x0000000089534de0,0x000000008d100000)
 Metaspace       used 43776K, capacity 44268K, committed 44672K, reserved 1087488K
  class space    used 5599K, capacity 5718K, committed 5760K, reserved 1048576K
}
Event: 48.320 GC heap before
{Heap before GC invocations=15 (full 2):
 PSYoungGen      total 204288K, used 204263K [0x00000000d8000000, 0x00000000e5d80000, 0x0000000100000000)
  eden space 189952K, 100% used [0x00000000d8000000,0x00000000e3980000,0x00000000e3980000)
  from space 14336K, 99% used [0x00000000e4780000,0x00000000e5579c20,0x00000000e5580000)
  to   space 14336K, 0% used [0x00000000e3980000,0x00000000e3980000,0x00000000e4780000)
 ParOldGen       total 82944K, used 21715K [0x0000000088000000, 0x000000008d100000, 0x00000000d8000000)
  object space 82944K, 26% used [0x0000000088000000,0x0000000089534de0,0x000000008d100000)
 Metaspace       used 45890K, capacity 46672K, committed 46848K, reserved 1089536K
  class space    used 5869K, capacity 6044K, committed 6144K, reserved 1048576K
Event: 48.353 GC heap after
Heap after GC invocations=15 (full 2):
 PSYoungGen      total 204288K, used 14335K [0x00000000d8000000, 0x00000000e5d80000, 0x0000000100000000)
  eden space 189952K, 0% used [0x00000000d8000000,0x00000000d8000000,0x00000000e3980000)
  from space 14336K, 99% used [0x00000000e3980000,0x00000000e477fc10,0x00000000e4780000)
  to   space 14336K, 0% used [0x00000000e4780000,0x00000000e4780000,0x00000000e5580000)
 ParOldGen       total 82944K, used 27761K [0x0000000088000000, 0x000000008d100000, 0x00000000d8000000)
  object space 82944K, 33% used [0x0000000088000000,0x0000000089b1c7c8,0x000000008d100000)
 Metaspace       used 45890K, capacity 46672K, committed 46848K, reserved 1089536K
  class space    used 5869K, capacity 6044K, committed 6144K, reserved 1048576K
}

