# JRE version: Java(TM) SE Runtime Environment (8.0_51-b16) (build 1.8.0_51-b16)
# Java VM: Java HotSpot(TM) 64-Bit Server VM (25.51-b03 mixed mode windows-amd64 compressed oops)
Heap:
 PSYoungGen      total 126976K, used 14545K [0x00000000d8000000, 0x00000000e2c00000, 0x0000000100000000)
  eden space 115200K, 6% used [0x00000000d8000000,0x00000000d8781840,0x00000000df080000)
  from space 11776K, 58% used [0x00000000df080000,0x00000000df732f68,0x00000000dfc00000)
  to   space 11264K, 0% used [0x00000000e2100000,0x00000000e2100000,0x00000000e2c00000)
 ParOldGen       total 59392K, used 10893K [0x0000000088000000, 0x000000008ba00000, 0x00000000d8000000)
  object space 59392K, 18% used [0x0000000088000000,0x0000000088aa35a8,0x000000008ba00000)
 Metaspace       used 25488K, capacity 25872K, committed 26112K, reserved 1073152K
  class space    used 3203K, capacity 3317K, committed 3328K, reserved 1048576K
GC Heap History (10 events):
Event: 3.244 GC heap before
{Heap before GC invocations=4 (full 0):
 PSYoungGen      total 35840K, used 35821K [0x00000000d8000000, 0x00000000dc600000, 0x0000000100000000)
  eden space 30720K, 100% used [0x00000000d8000000,0x00000000d9e00000,0x00000000d9e00000)
  from space 5120K, 99% used [0x00000000d9e00000,0x00000000da2fb6f8,0x00000000da300000)
  to   space 5120K, 0% used [0x00000000dc100000,0x00000000dc100000,0x00000000dc600000)
 ParOldGen       total 81920K, used 3839K [0x0000000088000000, 0x000000008d000000, 0x00000000d8000000)
  object space 81920K, 4% used [0x0000000088000000,0x00000000883bfc20,0x000000008d000000)
 Metaspace       used 15246K, capacity 15418K, committed 15488K, reserved 1062912K
  class space    used 1884K, capacity 1915K, committed 1920K, reserved 1048576K
Event: 3.253 GC heap after
Heap after GC invocations=4 (full 0):
 PSYoungGen      total 66560K, used 5091K [0x00000000d8000000, 0x00000000dc600000, 0x0000000100000000)
  eden space 61440K, 0% used [0x00000000d8000000,0x00000000d8000000,0x00000000dbc00000)
  from space 5120K, 99% used [0x00000000dc100000,0x00000000dc5f8cd0,0x00000000dc600000)
  to   space 5120K, 0% used [0x00000000dbc00000,0x00000000dbc00000,0x00000000dc100000)
 ParOldGen       total 81920K, used 6539K [0x0000000088000000, 0x000000008d000000, 0x00000000d8000000)
  object space 81920K, 7% used [0x0000000088000000,0x0000000088662e10,0x000000008d000000)
 Metaspace       used 15246K, capacity 15418K, committed 15488K, reserved 1062912K
  class space    used 1884K, capacity 1915K, committed 1920K, reserved 1048576K
}
Event: 3.831 GC heap before
{Heap before GC invocations=5 (full 0):
 PSYoungGen      total 66560K, used 61159K [0x00000000d8000000, 0x00000000dc600000, 0x0000000100000000)
  eden space 61440K, 91% used [0x00000000d8000000,0x00000000db6c0f70,0x00000000dbc00000)
  from space 5120K, 99% used [0x00000000dc100000,0x00000000dc5f8cd0,0x00000000dc600000)
  to   space 5120K, 0% used [0x00000000dbc00000,0x00000000dbc00000,0x00000000dc100000)
 ParOldGen       total 81920K, used 6539K [0x0000000088000000, 0x000000008d000000, 0x00000000d8000000)
  object space 81920K, 7% used [0x0000000088000000,0x0000000088662e10,0x000000008d000000)
 Metaspace       used 20883K, capacity 21162K, committed 21296K, reserved 1069056K
  class space    used 2574K, capacity 2660K, committed 2688K, reserved 1048576K
Event: 3.842 GC heap after
Heap after GC invocations=5 (full 0):
 PSYoungGen      total 66560K, used 5094K [0x00000000d8000000, 0x00000000e0f00000, 0x0000000100000000)
  eden space 61440K, 0% used [0x00000000d8000000,0x00000000d8000000,0x00000000dbc00000)
  from space 5120K, 99% used [0x00000000dbc00000,0x00000000dc0f9930,0x00000000dc100000)
  to   space 11776K, 0% used [0x00000000e0380000,0x00000000e0380000,0x00000000e0f00000)
 ParOldGen       total 81920K, used 10786K [0x0000000088000000, 0x000000008d000000, 0x00000000d8000000)
  object space 81920K, 13% used [0x0000000088000000,0x0000000088a88b38,0x000000008d000000)
 Metaspace       used 20883K, capacity 21162K, committed 21296K, reserved 1069056K
  class space    used 2574K, capacity 2660K, committed 2688K, reserved 1048576K
}
Event: 3.842 GC heap before
{Heap before GC invocations=6 (full 1):
 PSYoungGen      total 66560K, used 5094K [0x00000000d8000000, 0x00000000e0f00000, 0x0000000100000000)
  eden space 61440K, 0% used [0x00000000d8000000,0x00000000d8000000,0x00000000dbc00000)
  from space 5120K, 99% used [0x00000000dbc00000,0x00000000dc0f9930,0x00000000dc100000)
  to   space 11776K, 0% used [0x00000000e0380000,0x00000000e0380000,0x00000000e0f00000)
 ParOldGen       total 81920K, used 10786K [0x0000000088000000, 0x000000008d000000, 0x00000000d8000000)
  object space 81920K, 13% used [0x0000000088000000,0x0000000088a88b38,0x000000008d000000)
 Metaspace       used 20883K, capacity 21162K, committed 21296K, reserved 1069056K
  class space    used 2574K, capacity 2660K, committed 2688K, reserved 1048576K
Event: 3.882 GC heap after
Heap after GC invocations=6 (full 1):
 PSYoungGen      total 66560K, used 0K [0x00000000d8000000, 0x00000000e0f00000, 0x0000000100000000)
  eden space 61440K, 0% used [0x00000000d8000000,0x00000000d8000000,0x00000000dbc00000)
  from space 5120K, 0% used [0x00000000dbc00000,0x00000000dbc00000,0x00000000dc100000)
  to   space 11776K, 0% used [0x00000000e0380000,0x00000000e0380000,0x00000000e0f00000)
 ParOldGen       total 59392K, used 10877K [0x0000000088000000, 0x000000008ba00000, 0x00000000d8000000)
  object space 59392K, 18% used [0x0000000088000000,0x0000000088a9f5a8,0x000000008ba00000)
 Metaspace       used 20883K, capacity 21162K, committed 21296K, reserved 1069056K
  class space    used 2574K, capacity 2660K, committed 2688K, reserved 1048576K
}
Event: 5.870 GC heap before
{Heap before GC invocations=7 (full 1):
 PSYoungGen      total 66560K, used 61440K [0x00000000d8000000, 0x00000000e0f00000, 0x0000000100000000)
  eden space 61440K, 100% used [0x00000000d8000000,0x00000000dbc00000,0x00000000dbc00000)
  from space 5120K, 0% used [0x00000000dbc00000,0x00000000dbc00000,0x00000000dc100000)
  to   space 11776K, 0% used [0x00000000e0380000,0x00000000e0380000,0x00000000e0f00000)
 ParOldGen       total 59392K, used 10877K [0x0000000088000000, 0x000000008ba00000, 0x00000000d8000000)
  object space 59392K, 18% used [0x0000000088000000,0x0000000088a9f5a8,0x000000008ba00000)
 Metaspace       used 22971K, capacity 23324K, committed 23552K, reserved 1069056K
  class space    used 2869K, capacity 2951K, committed 3072K, reserved 1048576K
Event: 5.876 GC heap after
Heap after GC invocations=7 (full 1):
 PSYoungGen      total 100864K, used 3914K [0x00000000d8000000, 0x00000000e0780000, 0x0000000100000000)
  eden space 96768K, 0% used [0x00000000d8000000,0x00000000d8000000,0x00000000dde80000)
  from space 4096K, 95% used [0x00000000e0380000,0x00000000e0752a28,0x00000000e0780000)
  to   space 11776K, 0% used [0x00000000df080000,0x00000000df080000,0x00000000dfc00000)
 ParOldGen       total 59392K, used 10885K [0x0000000088000000, 0x000000008ba00000, 0x00000000d8000000)
  object space 59392K, 18% used [0x0000000088000000,0x0000000088aa15a8,0x000000008ba00000)
 Metaspace       used 22971K, capacity 23324K, committed 23552K, reserved 1069056K
  class space    used 2869K, capacity 2951K, committed 3072K, reserved 1048576K
}
Event: 6.935 GC heap before
{Heap before GC invocations=8 (full 1):
 PSYoungGen      total 100864K, used 100682K [0x00000000d8000000, 0x00000000e0780000, 0x0000000100000000)
  eden space 96768K, 100% used [0x00000000d8000000,0x00000000dde80000,0x00000000dde80000)
  from space 4096K, 95% used [0x00000000e0380000,0x00000000e0752a28,0x00000000e0780000)
  to   space 11776K, 0% used [0x00000000df080000,0x00000000df080000,0x00000000dfc00000)
 ParOldGen       total 59392K, used 10885K [0x0000000088000000, 0x000000008ba00000, 0x00000000d8000000)
  object space 59392K, 18% used [0x0000000088000000,0x0000000088aa15a8,0x000000008ba00000)
 Metaspace       used 25253K, capacity 25610K, committed 25856K, reserved 1071104K
  class space    used 3166K, capacity 3252K, committed 3328K, reserved 1048576K
Event: 6.954 GC heap after
Heap after GC invocations=8 (full 1):
 PSYoungGen      total 126976K, used 6859K [0x00000000d8000000, 0x00000000e2c00000, 0x0000000100000000)
  eden space 115200K, 0% used [0x00000000d8000000,0x00000000d8000000,0x00000000df080000)
  from space 11776K, 58% used [0x00000000df080000,0x00000000df732f68,0x00000000dfc00000)
  to   space 11264K, 0% used [0x00000000e2100000,0x00000000e2100000,0x00000000e2c00000)
 ParOldGen       total 59392K, used 10893K [0x0000000088000000, 0x000000008ba00000, 0x00000000d8000000)
  object space 59392K, 18% used [0x0000000088000000,0x0000000088aa35a8,0x000000008ba00000)
 Metaspace       used 25253K, capacity 25610K, committed 25856K, reserved 1071104K
  class space    used 3166K, capacity 3252K, committed 3328K, reserved 1048576K
}

