# JRE version: Java(TM) SE Runtime Environment (8.0_51-b16) (build 1.8.0_51-b16)
# Java VM: Java HotSpot(TM) 64-Bit Server VM (25.51-b03 mixed mode windows-amd64 compressed oops)
Heap:
 PSYoungGen      total 332800K, used 134355K [0x00000000d8000000, 0x00000000ede80000, 0x0000000100000000)
  eden space 312832K, 36% used [0x00000000d8000000,0x00000000defb73b8,0x00000000eb180000)
  from space 19968K, 99% used [0x00000000ecb00000,0x00000000ede7da38,0x00000000ede80000)
  to   space 23040K, 0% used [0x00000000eb180000,0x00000000eb180000,0x00000000ec800000)
 ParOldGen       total 93184K, used 41901K [0x0000000088000000, 0x000000008db00000, 0x00000000d8000000)
  object space 93184K, 44% used [0x0000000088000000,0x000000008a8eb510,0x000000008db00000)
 Metaspace       used 46426K, capacity 46876K, committed 47232K, reserved 1091584K
  class space    used 5843K, capacity 6000K, committed 6016K, reserved 1048576K
GC Heap History (10 events):
Event: 13.253 GC heap before
{Heap before GC invocations=14 (full 1):
 PSYoungGen      total 256512K, used 153941K [0x00000000d8000000, 0x00000000e9380000, 0x0000000100000000)
  eden space 235008K, 59% used [0x00000000d8000000,0x00000000e08b5618,0x00000000e6580000)
  from space 21504K, 64% used [0x00000000e7a80000,0x00000000e881ff68,0x00000000e8f80000)
  to   space 21504K, 0% used [0x00000000e6580000,0x00000000e6580000,0x00000000e7a80000)
 ParOldGen       total 61440K, used 24451K [0x0000000088000000, 0x000000008bc00000, 0x00000000d8000000)
  object space 61440K, 39% used [0x0000000088000000,0x00000000897e0d60,0x000000008bc00000)
 Metaspace       used 34827K, capacity 35222K, committed 35456K, reserved 1081344K
  class space    used 4279K, capacity 4374K, committed 4480K, reserved 1048576K
Event: 13.268 GC heap after
Heap after GC invocations=14 (full 1):
 PSYoungGen      total 256512K, used 8464K [0x00000000d8000000, 0x00000000edf80000, 0x0000000100000000)
  eden space 235008K, 0% used [0x00000000d8000000,0x00000000d8000000,0x00000000e6580000)
  from space 21504K, 39% used [0x00000000e6580000,0x00000000e6dc43d8,0x00000000e7a80000)
  to   space 20992K, 0% used [0x00000000ecb00000,0x00000000ecb00000,0x00000000edf80000)
 ParOldGen       total 61440K, used 26793K [0x0000000088000000, 0x000000008bc00000, 0x00000000d8000000)
  object space 61440K, 43% used [0x0000000088000000,0x0000000089a2a680,0x000000008bc00000)
 Metaspace       used 34827K, capacity 35222K, committed 35456K, reserved 1081344K
  class space    used 4279K, capacity 4374K, committed 4480K, reserved 1048576K
}
Event: 13.268 GC heap before
{Heap before GC invocations=15 (full 2):
 PSYoungGen      total 256512K, used 8464K [0x00000000d8000000, 0x00000000edf80000, 0x0000000100000000)
  eden space 235008K, 0% used [0x00000000d8000000,0x00000000d8000000,0x00000000e6580000)
  from space 21504K, 39% used [0x00000000e6580000,0x00000000e6dc43d8,0x00000000e7a80000)
  to   space 20992K, 0% used [0x00000000ecb00000,0x00000000ecb00000,0x00000000edf80000)
 ParOldGen       total 61440K, used 26793K [0x0000000088000000, 0x000000008bc00000, 0x00000000d8000000)
  object space 61440K, 43% used [0x0000000088000000,0x0000000089a2a680,0x000000008bc00000)
 Metaspace       used 34827K, capacity 35222K, committed 35456K, reserved 1081344K
  class space    used 4279K, capacity 4374K, committed 4480K, reserved 1048576K
Event: 13.428 GC heap after
Heap after GC invocations=15 (full 2):
 PSYoungGen      total 256512K, used 0K [0x00000000d8000000, 0x00000000edf80000, 0x0000000100000000)
  eden space 235008K, 0% used [0x00000000d8000000,0x00000000d8000000,0x00000000e6580000)
  from space 21504K, 0% used [0x00000000e6580000,0x00000000e6580000,0x00000000e7a80000)
  to   space 20992K, 0% used [0x00000000ecb00000,0x00000000ecb00000,0x00000000edf80000)
 ParOldGen       total 93184K, used 23146K [0x0000000088000000, 0x000000008db00000, 0x00000000d8000000)
  object space 93184K, 24% used [0x0000000088000000,0x000000008969ab48,0x000000008db00000)
 Metaspace       used 34827K, capacity 35222K, committed 35456K, reserved 1081344K
  class space    used 4279K, capacity 4374K, committed 4480K, reserved 1048576K
}
Event: 15.629 GC heap before
{Heap before GC invocations=16 (full 2):
 PSYoungGen      total 256512K, used 235008K [0x00000000d8000000, 0x00000000edf80000, 0x0000000100000000)
  eden space 235008K, 100% used [0x00000000d8000000,0x00000000e6580000,0x00000000e6580000)
  from space 21504K, 0% used [0x00000000e6580000,0x00000000e6580000,0x00000000e7a80000)
  to   space 20992K, 0% used [0x00000000ecb00000,0x00000000ecb00000,0x00000000edf80000)
 ParOldGen       total 93184K, used 23146K [0x0000000088000000, 0x000000008db00000, 0x00000000d8000000)
  object space 93184K, 24% used [0x0000000088000000,0x000000008969ab48,0x000000008db00000)
 Metaspace       used 36477K, capacity 36892K, committed 37248K, reserved 1081344K
  class space    used 4498K, capacity 4631K, committed 4736K, reserved 1048576K
Event: 15.651 GC heap after
Heap after GC invocations=16 (full 2):
 PSYoungGen      total 332800K, used 18871K [0x00000000d8000000, 0x00000000ede80000, 0x0000000100000000)
  eden space 312832K, 0% used [0x00000000d8000000,0x00000000d8000000,0x00000000eb180000)
  from space 19968K, 94% used [0x00000000ecb00000,0x00000000edd6dcf0,0x00000000ede80000)
  to   space 23040K, 0% used [0x00000000eb180000,0x00000000eb180000,0x00000000ec800000)
 ParOldGen       total 93184K, used 23154K [0x0000000088000000, 0x000000008db00000, 0x00000000d8000000)
  object space 93184K, 24% used [0x0000000088000000,0x000000008969cb48,0x000000008db00000)
 Metaspace       used 36477K, capacity 36892K, committed 37248K, reserved 1081344K
  class space    used 4498K, capacity 4631K, committed 4736K, reserved 1048576K
}
Event: 18.238 GC heap before
{Heap before GC invocations=17 (full 2):
 PSYoungGen      total 332800K, used 331703K [0x00000000d8000000, 0x00000000ede80000, 0x0000000100000000)
  eden space 312832K, 100% used [0x00000000d8000000,0x00000000eb180000,0x00000000eb180000)
  from space 19968K, 94% used [0x00000000ecb00000,0x00000000edd6dcf0,0x00000000ede80000)
  to   space 23040K, 0% used [0x00000000eb180000,0x00000000eb180000,0x00000000ec800000)
 ParOldGen       total 93184K, used 23154K [0x0000000088000000, 0x000000008db00000, 0x00000000d8000000)
  object space 93184K, 24% used [0x0000000088000000,0x000000008969cb48,0x000000008db00000)
 Metaspace       used 37492K, capacity 37954K, committed 38272K, reserved 1083392K
  class space    used 4624K, capacity 4728K, committed 4736K, reserved 1048576K
Event: 18.294 GC heap after
Heap after GC invocations=17 (full 2):
 PSYoungGen      total 335872K, used 23023K [0x00000000d8000000, 0x00000000ede80000, 0x0000000100000000)
  eden space 312832K, 0% used [0x00000000d8000000,0x00000000d8000000,0x00000000eb180000)
  from space 23040K, 99% used [0x00000000eb180000,0x00000000ec7fbc88,0x00000000ec800000)
  to   space 19968K, 0% used [0x00000000ecb00000,0x00000000ecb00000,0x00000000ede80000)
 ParOldGen       total 93184K, used 35166K [0x0000000088000000, 0x000000008db00000, 0x00000000d8000000)
  object space 93184K, 37% used [0x0000000088000000,0x000000008a257808,0x000000008db00000)
 Metaspace       used 37492K, capacity 37954K, committed 38272K, reserved 1083392K
  class space    used 4624K, capacity 4728K, committed 4736K, reserved 1048576K
}
Event: 21.538 GC heap before
{Heap before GC invocations=18 (full 2):
 PSYoungGen      total 335872K, used 335855K [0x00000000d8000000, 0x00000000ede80000, 0x0000000100000000)
  eden space 312832K, 100% used [0x00000000d8000000,0x00000000eb180000,0x00000000eb180000)
  from space 23040K, 99% used [0x00000000eb180000,0x00000000ec7fbc88,0x00000000ec800000)
  to   space 19968K, 0% used [0x00000000ecb00000,0x00000000ecb00000,0x00000000ede80000)
 ParOldGen       total 93184K, used 35166K [0x0000000088000000, 0x000000008db00000, 0x00000000d8000000)
  object space 93184K, 37% used [0x0000000088000000,0x000000008a257808,0x000000008db00000)
 Metaspace       used 40802K, capacity 41306K, committed 41600K, reserved 1085440K
  class space    used 5049K, capacity 5193K, committed 5248K, reserved 1048576K
Event: 21.573 GC heap after
Heap after GC invocations=18 (full 2):
 PSYoungGen      total 332800K, used 19958K [0x00000000d8000000, 0x00000000ede80000, 0x0000000100000000)
  eden space 312832K, 0% used [0x00000000d8000000,0x00000000d8000000,0x00000000eb180000)
  from space 19968K, 99% used [0x00000000ecb00000,0x00000000ede7da38,0x00000000ede80000)
  to   space 23040K, 0% used [0x00000000eb180000,0x00000000eb180000,0x00000000ec800000)
 ParOldGen       total 93184K, used 41901K [0x0000000088000000, 0x000000008db00000, 0x00000000d8000000)
  object space 93184K, 44% used [0x0000000088000000,0x000000008a8eb510,0x000000008db00000)
 Metaspace       used 40802K, capacity 41306K, committed 41600K, reserved 1085440K
  class space    used 5049K, capacity 5193K, committed 5248K, reserved 1048576K
}

